<?xml version="1.0" encoding="UTF-8"?>
<testsuite name="com.crud.tasks.trello.client.TrelloClientTest" tests="1" skipped="0" failures="0" errors="0" timestamp="2023-05-15T09:30:27" hostname="MacBook-Air-Jakub.local" time="0.35">
  <properties/>
  <testcase name="shouldReturnEmptyList()" classname="com.crud.tasks.trello.client.TrelloClientTest" time="0.35"/>
  <system-out><![CDATA[]]></system-out>
  <system-err><![CDATA[]]></system-err>
</testsuite>
