<?xml version="1.0" encoding="UTF-8"?>
<testsuite name="com.crud.tasks.trello.client.TrelloClientTest" tests="3" skipped="0" failures="0" errors="0" timestamp="2023-05-17T13:14:06" hostname="MacBook-Air-Jakub.local" time="0.118">
  <properties/>
  <testcase name="shouldReturnEmptyList()" classname="com.crud.tasks.trello.client.TrelloClientTest" time="0.114"/>
  <testcase name="shouldFetchTrelloBoards()" classname="com.crud.tasks.trello.client.TrelloClientTest" time="0.002"/>
  <testcase name="shouldCreateCard()" classname="com.crud.tasks.trello.client.TrelloClientTest" time="0.002"/>
  <system-out><![CDATA[]]></system-out>
  <system-err><![CDATA[]]></system-err>
</testsuite>
