<?xml version="1.0" encoding="UTF-8"?>
<testsuite name="com.crud.tasks.service.SimpleEmailServiceTest" tests="1" skipped="0" failures="0" errors="0" timestamp="2023-05-23T14:01:30" hostname="MacBook-Air-Jakub.local" time="0.276">
  <properties/>
  <testcase name="shouldSendEmail()" classname="com.crud.tasks.service.SimpleEmailServiceTest" time="0.276"/>
  <system-out><![CDATA[2023-05-23T16:01:31.219+02:00  INFO 7776 --- [    Test worker] c.crud.tasks.service.SimpleEmailService  : Starting email preparation...
2023-05-23T16:01:31.226+02:00  INFO 7776 --- [    Test worker] c.crud.tasks.service.SimpleEmailService  : Email has been sent.
]]></system-out>
  <system-err><![CDATA[]]></system-err>
</testsuite>
